<?xml version="1.0" encoding="UTF-8"?>
<testsuite xmlns:xsi="http://www.w3.org/2001/XMLSchema-instance" xsi:noNamespaceSchemaLocation="https://maven.apache.org/surefire/maven-surefire-plugin/xsd/surefire-test-report.xsd" version="3.0.2" name="com.example.kubernets.KubernetsApplicationTests" time="2.001" tests="1" errors="0" skipped="0" failures="0">
  <properties>
[...]
</properties>
  <testcase name="contextLoads" classname="com.example.kubernets.KubernetsApplicationTests" time="0.486">
    <system-out><![CDATA[20:34:11.923 [main] INFO org.springframework.test.context.support.AnnotationConfigContextLoaderUtils -- Could not detect default configuration classes for test class [com.example.kubernets.KubernetsApplicationTests]: KubernetsApplicationTests does not declare any static, non-private, non-final, nested classes annotated with @Configuration.
20:34:12.046 [main] INFO org.springframework.boot.test.context.SpringBootTestContextBootstrapper -- Found @SpringBootConfiguration com.example.kubernets.KubernetsApplication for test class com.example.kubernets.KubernetsApplicationTests
20:34:12.142 [main] INFO org.springframework.boot.devtools.restart.RestartApplicationListener -- Restart disabled due to context in which it is running

  .   ____          _            __ _ _
 /\\ / ___'_ __ _ _(_)_ __  __ _ \ \ \ \
( ( )\___ | '_ | '_| | '_ \/ _` | \ \ \ \
 \\/  ___)| |_)| | | | | || (_| |  ) ) ) )
  '  |____| .__|_| |_|_| |_\__, | / / / /
 =========|_|==============|___/=/_/_/_/

 :: Spring Boot ::                (v3.5.5)

2025-08-29T20:34:12.477+05:30  INFO 60770 --- [kubernets] [           main] c.e.kubernets.KubernetsApplicationTests  : Starting KubernetsApplicationTests using Java 24.0.1 with PID 60770 (started by manraj in /Users/manraj/Collage/Dev Ops L/kubernets)
2025-08-29T20:34:12.477+05:30  INFO 60770 --- [kubernets] [           main] c.e.kubernets.KubernetsApplicationTests  : No active profile set, falling back to 1 default profile: "default"
2025-08-29T20:34:13.183+05:30  INFO 60770 --- [kubernets] [           main] c.e.kubernets.KubernetsApplicationTests  : Started KubernetsApplicationTests in 1.048 seconds (process running for 1.905)
]]></system-out>
    <system-err><![CDATA[Mockito is currently self-attaching to enable the inline-mock-maker. This will no longer work in future releases of the JDK. Please add Mockito as an agent to your build as described in Mockito's documentation: https://javadoc.io/doc/org.mockito/mockito-core/latest/org.mockito/org/mockito/Mockito.html#0.3
WARNING: A Java agent has been loaded dynamically (/Users/manraj/.m2/repository/net/bytebuddy/byte-buddy-agent/1.17.7/byte-buddy-agent-1.17.7.jar)
WARNING: If a serviceability tool is in use, please run with -XX:+EnableDynamicAgentLoading to hide this warning
WARNING: If a serviceability tool is not in use, please run with -Djdk.instrument.traceUsage for more information
WARNING: Dynamic loading of agents will be disallowed by default in a future release
]]></system-err>
  </testcase>
</testsuite>